 ---------------------------------------------------------------------------------------
 Programm: checkSchema.f90
 ---------------------------------------------------------------------------------------

--------------------------------------------------------------------------------
Start: 09.07.2019   15:49:28:558
--------------------------------------------------------------------------------

 ####################################################################################################
 ####################################################################################################
 ##############################   Folgende Parameter wurden gesetzt:   ##############################
 ====================================================================================================
 logFile:                            checkSchema.log
 lbeDataInFile:                      /qualstorzws01/data_tmp/tmp.1Q2vZSjIrP/lbeData.csv
 kontext:                            braunvieh
 anzZuPruefendeSchemas:                15
 Schema-Files:
 /qualstorzws01/data_zws/lbe/par/schema_bvch_1992_mitEinst.txt
 /qualstorzws01/data_zws/lbe/par/schema_bvch_1992_ohneEinst.txt
 /qualstorzws01/data_zws/lbe/par/schema_bvch_1994_mitEinst.txt
 /qualstorzws01/data_zws/lbe/par/schema_bvch_1994_ohneEinst.txt
 /qualstorzws01/data_zws/lbe/par/schema_bvch_1996.txt
 /qualstorzws01/data_zws/lbe/par/schema_bvch_2003.txt
 /qualstorzws01/data_zws/lbe/par/schema_bvch_2008_ohneBem.txt
 /qualstorzws01/data_zws/lbe/par/schema_bvch_2008.txt
 /qualstorzws01/data_zws/lbe/par/schema_bvch_2011_ohneBem.txt
 /qualstorzws01/data_zws/lbe/par/schema_bvch_2011.txt
 /qualstorzws01/data_zws/lbe/par/schema_bvch_2018.txt
 /qualstorzws01/data_zws/lbe/par/schema_bvch_hw_1.txt
 /qualstorzws01/data_zws/lbe/par/schema_bvch_hw_2.txt
 /qualstorzws01/data_zws/lbe/par/schema_bvch_hw_3.txt
 /qualstorzws01/data_zws/lbe/par/schema_bvch_rgs_2016.txt
 abgelehnteLbesOutFile:              abgelehnteLBEsWegenCheckSchema.csv
 lbeDataOutFile:                     /qualstorzws01/data_tmp/tmp.1Q2vZSjIrP/lbeData.csv
 ####################################################################################################
 ####################################################################################################

**************************************************************************************
Start: Schemaspezifikationen einlesen und speichern

 
 Schemabezeichung des Schemas in /qualstorzws01/data_zws/lbe/par/schema_bvch_1992_mitEinst.txt: BVCH_1992_mitEinst
 aeltestes plausibles LBE-Datum in /qualstorzws01/data_zws/lbe/par/schema_bvch_1992_mitEinst.txt:   19920901
 juengstes plausibles LBE-Datum in /qualstorzws01/data_zws/lbe/par/schema_bvch_1992_mitEinst.txt:   19940603
 Anzahl Merkmale in /qualstorzws01/data_zws/lbe/par/schema_bvch_1992_mitEinst.txt:   26
 Dies sind die Merkmale im Schema:
 DLC_EU DLC_FO DLC_FU DLC_P DLC_ZI DLC_EU1 DLC_EU2 DLC_EU7 DLC_FO1 DLC_FO2 DLC_FO3 DLC_FO4 DLC_FO5 DLC_FO6 DLC_FU1 DLC_FU2 DLC_FU3 DLC_FU4 DLC_KM1 DLC_KM2 DLC_KM3 DLC_ZI1 DLC_ZI2 DLC_ZI3 DLC_ZI4 DLC_ZI5 
 Anzahl Fehler in /qualstorzws01/data_zws/lbe/par/schema_bvch_1992_mitEinst.txt:   17
 Dies sind die Fehler im Schema:
 bugweit ueberhueftet beckenGefirstet unterbunden weisseFlecken engesSprunggelenk kuhhaessig gangUnregelmaessig gestuft nacheuterAngehoben kaltfluss spaltungSeitlich milchbruechig zugespitzt flaschenfoermig nurVorneLang stellungNachVorn 
 Anzahl erlaubter fehlender Merkmale in /qualstorzws01/data_zws/lbe/par/schema_bvch_1992_mitEinst.txt:   0
 
 Schemabezeichung des Schemas in /qualstorzws01/data_zws/lbe/par/schema_bvch_1992_ohneEinst.txt: BVCH_1992_ohneEinst
 aeltestes plausibles LBE-Datum in /qualstorzws01/data_zws/lbe/par/schema_bvch_1992_ohneEinst.txt:   19920901
 juengstes plausibles LBE-Datum in /qualstorzws01/data_zws/lbe/par/schema_bvch_1992_ohneEinst.txt:   19940817
 Anzahl Merkmale in /qualstorzws01/data_zws/lbe/par/schema_bvch_1992_ohneEinst.txt:   21
 Dies sind die Merkmale im Schema:
 DLC_EU1 DLC_EU2 DLC_EU7 DLC_FO1 DLC_FO2 DLC_FO3 DLC_FO4 DLC_FO5 DLC_FO6 DLC_FU1 DLC_FU2 DLC_FU3 DLC_FU4 DLC_KM1 DLC_KM2 DLC_KM3 DLC_ZI1 DLC_ZI2 DLC_ZI3 DLC_ZI4 DLC_ZI5 
 Anzahl Fehler in /qualstorzws01/data_zws/lbe/par/schema_bvch_1992_ohneEinst.txt:   17
 Dies sind die Fehler im Schema:
 bugweit ueberhueftet beckenGefirstet unterbunden weisseFlecken engesSprunggelenk kuhhaessig gangUnregelmaessig gestuft nacheuterAngehoben kaltfluss spaltungSeitlich milchbruechig zugespitzt flaschenfoermig nurVorneLang stellungNachVorn 
 Anzahl erlaubter fehlender Merkmale in /qualstorzws01/data_zws/lbe/par/schema_bvch_1992_ohneEinst.txt:   0
 
 Schemabezeichung des Schemas in /qualstorzws01/data_zws/lbe/par/schema_bvch_1994_mitEinst.txt: BVCH_1994_mitEinst
 aeltestes plausibles LBE-Datum in /qualstorzws01/data_zws/lbe/par/schema_bvch_1994_mitEinst.txt:   19940808
 juengstes plausibles LBE-Datum in /qualstorzws01/data_zws/lbe/par/schema_bvch_1994_mitEinst.txt:   19961202
 Anzahl Merkmale in /qualstorzws01/data_zws/lbe/par/schema_bvch_1994_mitEinst.txt:   29
 Dies sind die Merkmale im Schema:
 DLC_EU DLC_FO DLC_FU DLC_P DLC_ZI DLC_EU1 DLC_EU2 DLC_EU3 DLC_EU4 DLC_EU5 DLC_EU6 DLC_EU7 DLC_FO1 DLC_FO2 DLC_FO3 DLC_FO5 DLC_FO6 DLC_FU1 DLC_FU2 DLC_FU3 DLC_FU4 DLC_KM1 DLC_KM2 DLC_KM3 DLC_ZI1 DLC_ZI2 DLC_ZI3 DLC_ZI4 DLC_ZI5 
 Anzahl Fehler in /qualstorzws01/data_zws/lbe/par/schema_bvch_1994_mitEinst.txt:   25
 Dies sind die Fehler im Schema:
 bugweit ueberhueftet beckenGefirstet unterbunden weisseFlecken zuHell zuDunkel bluemGurt engesSprunggelenk kuhhaessig klauenGespreizt zwischenklauenwarzen zehenweit gangUnregelmaessig schwellungAmUnterschenkel gestuft nacheuterAngehoben kaltfluss spaltungSeitlich fleischig milchbruechig zugespitzt flaschenfoermig nurVorneLang stellungNachVorn 
 Anzahl erlaubter fehlender Merkmale in /qualstorzws01/data_zws/lbe/par/schema_bvch_1994_mitEinst.txt:   0
 
 Schemabezeichung des Schemas in /qualstorzws01/data_zws/lbe/par/schema_bvch_1994_ohneEinst.txt: BVCH_1994_ohneEinst
 aeltestes plausibles LBE-Datum in /qualstorzws01/data_zws/lbe/par/schema_bvch_1994_ohneEinst.txt:   19940808
 juengstes plausibles LBE-Datum in /qualstorzws01/data_zws/lbe/par/schema_bvch_1994_ohneEinst.txt:   19960424
 Anzahl Merkmale in /qualstorzws01/data_zws/lbe/par/schema_bvch_1994_ohneEinst.txt:   24
 Dies sind die Merkmale im Schema:
 DLC_EU1 DLC_EU2 DLC_EU3 DLC_EU4 DLC_EU5 DLC_EU6 DLC_EU7 DLC_FO1 DLC_FO2 DLC_FO3 DLC_FO5 DLC_FO6 DLC_FU1 DLC_FU2 DLC_FU3 DLC_FU4 DLC_KM1 DLC_KM2 DLC_KM3 DLC_ZI1 DLC_ZI2 DLC_ZI3 DLC_ZI4 DLC_ZI5 
 Anzahl Fehler in /qualstorzws01/data_zws/lbe/par/schema_bvch_1994_ohneEinst.txt:   25
 Dies sind die Fehler im Schema:
 bugweit ueberhueftet beckenGefirstet unterbunden weisseFlecken zuHell zuDunkel bluemGurt engesSprunggelenk kuhhaessig klauenGespreizt zwischenklauenwarzen zehenweit gangUnregelmaessig schwellungAmUnterschenkel gestuft nacheuterAngehoben kaltfluss spaltungSeitlich fleischig milchbruechig zugespitzt flaschenfoermig nurVorneLang stellungNachVorn 
 Anzahl erlaubter fehlender Merkmale in /qualstorzws01/data_zws/lbe/par/schema_bvch_1994_ohneEinst.txt:   0
 
 Schemabezeichung des Schemas in /qualstorzws01/data_zws/lbe/par/schema_bvch_1996.txt: BVCH_1996
 aeltestes plausibles LBE-Datum in /qualstorzws01/data_zws/lbe/par/schema_bvch_1996.txt:   19960221
 juengstes plausibles LBE-Datum in /qualstorzws01/data_zws/lbe/par/schema_bvch_1996.txt:   20030630
 Anzahl Merkmale in /qualstorzws01/data_zws/lbe/par/schema_bvch_1996.txt:   30
 Dies sind die Merkmale im Schema:
 DLC_EU DLC_FO DLC_FU DLC_P DLC_ZI DLC_EU1 DLC_EU2 DLC_EU3 DLC_EU4 DLC_EU5 DLC_EU6 DLC_EU7 DLC_FO1 DLC_FO2 DLC_FO3 DLC_FO4 DLC_FO5 DLC_FO6 DLC_FU1 DLC_FU2 DLC_FU3 DLC_FU4 DLC_KM1 DLC_KM2 DLC_KM3 DLC_ZI1 DLC_ZI2 DLC_ZI3 DLC_ZI4 DLC_ZI5 
 Anzahl Fehler in /qualstorzws01/data_zws/lbe/par/schema_bvch_1996.txt:   27
 Dies sind die Fehler im Schema:
 bugweit ueberhueftet beckenGefirstet unterbunden weisseFlecken zuHell zuDunkel bluemGurt eingefallenerMastdarm verkuerzterUnterkiefer engesSprunggelenk kuhhaessig klauenGespreizt zwischenklauenwarzen zehenweit gangUnregelmaessig schwellungAmUnterschenkel gestuft nacheuterAngehoben kaltfluss spaltungSeitlich fleischig milchbruechig zugespitzt flaschenfoermig nurVorneLang stellungNachVorn 
 Anzahl erlaubter fehlender Merkmale in /qualstorzws01/data_zws/lbe/par/schema_bvch_1996.txt:   0
 
 Schemabezeichung des Schemas in /qualstorzws01/data_zws/lbe/par/schema_bvch_2003.txt: BVCH_2003
 aeltestes plausibles LBE-Datum in /qualstorzws01/data_zws/lbe/par/schema_bvch_2003.txt:   20030902
 juengstes plausibles LBE-Datum in /qualstorzws01/data_zws/lbe/par/schema_bvch_2003.txt:   20080711
 Anzahl Merkmale in /qualstorzws01/data_zws/lbe/par/schema_bvch_2003.txt:   32
 Dies sind die Merkmale im Schema:
 DLC_EU DLC_FO DLC_FU DLC_P DLC_ZI DLC_EU1 DLC_EU2 DLC_EU3 DLC_EU4 DLC_EU5 DLC_EU6 DLC_EU7 DLC_FO1 DLC_FO2 DLC_FO3 DLC_FO4 DLC_FO5 DLC_FO6 DLC_FU1 DLC_FU2 DLC_FU3 DLC_FU4 DLC_KM1 DLC_KM2 DLC_KM3 DLC_ZI1 DLC_ZI2 DLC_ZI3 DLC_ZI4 DLC_ZI5 DLC_FO7 DLC_FO8 
 Anzahl Fehler in /qualstorzws01/data_zws/lbe/par/schema_bvch_2003.txt:   28
 Dies sind die Fehler im Schema:
 bugweit ueberhueftet beckenGefirstet unterbunden weisseFlecken zuHell zuDunkel bluemGurt eingefallenerMastdarm verkuerzterUnterkiefer engesSprunggelenk kuhhaessig klauenGespreizt zwischenklauenwarzen zehenweit gangUnregelmaessig schwellungAmUnterschenkel gestuft nacheuterAngehoben kaltfluss spaltungSeitlich fleischig milchbruechig zugespitzt flaschenfoermig nurVorneLang stellungNachVorn dreistrichigkeit 
 Anzahl erlaubter fehlender Merkmale in /qualstorzws01/data_zws/lbe/par/schema_bvch_2003.txt:   0
 
 Schemabezeichung des Schemas in /qualstorzws01/data_zws/lbe/par/schema_bvch_2008_ohneBem.txt: BVCH_2008_ohneBem
 aeltestes plausibles LBE-Datum in /qualstorzws01/data_zws/lbe/par/schema_bvch_2008_ohneBem.txt:   20080901
 juengstes plausibles LBE-Datum in /qualstorzws01/data_zws/lbe/par/schema_bvch_2008_ohneBem.txt:   20110803
 Anzahl Merkmale in /qualstorzws01/data_zws/lbe/par/schema_bvch_2008_ohneBem.txt:   31
 Dies sind die Merkmale im Schema:
 DLC_EU DLC_FU DLC_P DLC_ZI DLC_RA DLC_BE DLC_EU1 DLC_EU3 DLC_EU4 DLC_EU5 DLC_EU6 DLC_EU7 DLC_FO2 DLC_FO4 DLC_FU1 DLC_FU2 DLC_FU3 DLC_FU4 DLC_KM1 DLC_KM2 DLC_ZI1 DLC_ZI2 DLC_ZI3 DLC_ZI4 DLC_ZI5 DLC_FO7 DLC_FO8 DLC_KM4 DLC_KM5 DLC_KM6 DLC_EU8 
 Anzahl Fehler in /qualstorzws01/data_zws/lbe/par/schema_bvch_2008_ohneBem.txt:   14
 Dies sind die Fehler im Schema:
 bugweit beckenGefirstet bluemGurt eingefallenerMastdarm verkuerzterUnterkiefer ausdruck kuhhaessig zehenweit gangUnregelmaessig kaltfluss milchbruechig zugespitzt stellungNachVorn dreistrichigkeit 
 Anzahl erlaubter fehlender Merkmale in /qualstorzws01/data_zws/lbe/par/schema_bvch_2008_ohneBem.txt:   0
 
 Schemabezeichung des Schemas in /qualstorzws01/data_zws/lbe/par/schema_bvch_2008.txt: BVCH_2008
 aeltestes plausibles LBE-Datum in /qualstorzws01/data_zws/lbe/par/schema_bvch_2008.txt:   20080901
 juengstes plausibles LBE-Datum in /qualstorzws01/data_zws/lbe/par/schema_bvch_2008.txt:   20110803
 Anzahl Merkmale in /qualstorzws01/data_zws/lbe/par/schema_bvch_2008.txt:   32
 Dies sind die Merkmale im Schema:
 DLC_EU DLC_FU DLC_P DLC_ZI DLC_RA DLC_BE DLC_EU1 DLC_EU3 DLC_EU4 DLC_EU5 DLC_EU6 DLC_EU7 DLC_FO2 DLC_FO4 DLC_FO6 DLC_FU1 DLC_FU2 DLC_FU3 DLC_FU4 DLC_KM1 DLC_KM2 DLC_ZI1 DLC_ZI2 DLC_ZI3 DLC_ZI4 DLC_ZI5 DLC_FO7 DLC_FO8 DLC_KM4 DLC_KM5 DLC_KM6 DLC_EU8 
 Anzahl Fehler in /qualstorzws01/data_zws/lbe/par/schema_bvch_2008.txt:   14
 Dies sind die Fehler im Schema:
 bugweit beckenGefirstet bluemGurt eingefallenerMastdarm verkuerzterUnterkiefer ausdruck kuhhaessig zehenweit gangUnregelmaessig kaltfluss milchbruechig zugespitzt stellungNachVorn dreistrichigkeit 
 Anzahl erlaubter fehlender Merkmale in /qualstorzws01/data_zws/lbe/par/schema_bvch_2008.txt:   0
 
 Schemabezeichung des Schemas in /qualstorzws01/data_zws/lbe/par/schema_bvch_2011_ohneBem.txt: BVCH_2011_ohneBem
 aeltestes plausibles LBE-Datum in /qualstorzws01/data_zws/lbe/par/schema_bvch_2011_ohneBem.txt:   20110914
 juengstes plausibles LBE-Datum in /qualstorzws01/data_zws/lbe/par/schema_bvch_2011_ohneBem.txt:   20150313
 Anzahl Merkmale in /qualstorzws01/data_zws/lbe/par/schema_bvch_2011_ohneBem.txt:   30
 Dies sind die Merkmale im Schema:
 DLC_EU DLC_FU DLC_P DLC_ZI DLC_RA DLC_BE DLC_EU1 DLC_EU3 DLC_EU4 DLC_EU5 DLC_EU6 DLC_EU7 DLC_FO2 DLC_FO4 DLC_FU1 DLC_FU2 DLC_FU3 DLC_FU4 DLC_KM2 DLC_ZI1 DLC_ZI2 DLC_ZI3 DLC_ZI4 DLC_ZI5 DLC_FO7 DLC_FO8 DLC_KM4 DLC_KM5 DLC_KM6 DLC_EU8 
 Anzahl Fehler in /qualstorzws01/data_zws/lbe/par/schema_bvch_2011_ohneBem.txt:   14
 Dies sind die Fehler im Schema:
 bugweit beckenGefirstet bluemGurt eingefallenerMastdarm verkuerzterUnterkiefer ausdruck kuhhaessig zehenweit gangUnregelmaessig kaltfluss milchbruechig zugespitzt stellungNachVorn dreistrichigkeit 
 Anzahl erlaubter fehlender Merkmale in /qualstorzws01/data_zws/lbe/par/schema_bvch_2011_ohneBem.txt:   0
 
 Schemabezeichung des Schemas in /qualstorzws01/data_zws/lbe/par/schema_bvch_2011.txt: BVCH_2011
 aeltestes plausibles LBE-Datum in /qualstorzws01/data_zws/lbe/par/schema_bvch_2011.txt:   20110824
 juengstes plausibles LBE-Datum in /qualstorzws01/data_zws/lbe/par/schema_bvch_2011.txt:   20180826
 Anzahl Merkmale in /qualstorzws01/data_zws/lbe/par/schema_bvch_2011.txt:   31
 Dies sind die Merkmale im Schema:
 DLC_EU DLC_FU DLC_P DLC_ZI DLC_RA DLC_BE DLC_EU1 DLC_EU3 DLC_EU4 DLC_EU5 DLC_EU6 DLC_EU7 DLC_FO2 DLC_FO4 DLC_FO6 DLC_FU1 DLC_FU2 DLC_FU3 DLC_FU4 DLC_KM2 DLC_ZI1 DLC_ZI2 DLC_ZI3 DLC_ZI4 DLC_ZI5 DLC_FO7 DLC_FO8 DLC_KM4 DLC_KM5 DLC_KM6 DLC_EU8 
 Anzahl Fehler in /qualstorzws01/data_zws/lbe/par/schema_bvch_2011.txt:   14
 Dies sind die Fehler im Schema:
 bugweit beckenGefirstet bluemGurt eingefallenerMastdarm verkuerzterUnterkiefer ausdruck kuhhaessig zehenweit gangUnregelmaessig kaltfluss milchbruechig zugespitzt stellungNachVorn dreistrichigkeit 
 Anzahl erlaubter fehlender Merkmale in /qualstorzws01/data_zws/lbe/par/schema_bvch_2011.txt:   0
 
 Schemabezeichung des Schemas in /qualstorzws01/data_zws/lbe/par/schema_bvch_2018.txt: BVCH_2018
 aeltestes plausibles LBE-Datum in /qualstorzws01/data_zws/lbe/par/schema_bvch_2018.txt:   20180827
 juengstes plausibles LBE-Datum in /qualstorzws01/data_zws/lbe/par/schema_bvch_2018.txt:   99999999
 Anzahl Merkmale in /qualstorzws01/data_zws/lbe/par/schema_bvch_2018.txt:   31
 Dies sind die Merkmale im Schema:
 DLC_EU DLC_FU DLC_P DLC_ZI DLC_RA DLC_BE DLC_EU1 DLC_EU3 DLC_EU4 DLC_EU5 DLC_EU6 DLC_EU7 DLC_FO2 DLC_FO4 DLC_FO6 DLC_FU1 DLC_FU2 DLC_FU3 DLC_FU4 DLC_KM2 DLC_ZI1 DLC_ZI2 DLC_ZI3 DLC_ZI4 DLC_ZI5 DLC_FO7 DLC_FO8 DLC_KM4 DLC_KM5 DLC_KM6 DLC_EU8 
 Anzahl Fehler in /qualstorzws01/data_zws/lbe/par/schema_bvch_2018.txt:   15
 Dies sind die Fehler im Schema:
 bugweit beckenGefirstet bluemGurt eingefallenerMastdarm verkuerzterUnterkiefer ausdruck kuhhaessig zehenweit gangUnregelmaessig kaltfluss milchbruechig zugespitzt stellungNachVorn dreistrichigkeit weisseFlecken 
 Anzahl erlaubter fehlender Merkmale in /qualstorzws01/data_zws/lbe/par/schema_bvch_2018.txt:   0
 
 Schemabezeichung des Schemas in /qualstorzws01/data_zws/lbe/par/schema_bvch_hw_1.txt: HW_1
 aeltestes plausibles LBE-Datum in /qualstorzws01/data_zws/lbe/par/schema_bvch_hw_1.txt:   19980326
 juengstes plausibles LBE-Datum in /qualstorzws01/data_zws/lbe/par/schema_bvch_hw_1.txt:   20040303
 Anzahl Merkmale in /qualstorzws01/data_zws/lbe/par/schema_bvch_hw_1.txt:   27
 Dies sind die Merkmale im Schema:
 DLC_EU DLC_FO DLC_FU DLC_P DLC_ZI DLC_EU1 DLC_EU2 DLC_EU4 DLC_EU5 DLC_EU7 DLC_FO2 DLC_FO3 DLC_FO4 DLC_FO5 DLC_FO6 DLC_FU1 DLC_FU2 DLC_FU3 DLC_FU4 DLC_KM1 DLC_KM2 DLC_KM3 DLC_ZI1 DLC_ZI2 DLC_ZI3 DLC_ZI4 DLC_ZI5 
 Anzahl Fehler in /qualstorzws01/data_zws/lbe/par/schema_bvch_hw_1.txt:   27
 Dies sind die Fehler im Schema:
 bugweit ueberhueftet beckenGefirstet unterbunden weisseFlecken zuHell zuDunkel bluemGurt eingefallenerMastdarm verkuerzterUnterkiefer engesSprunggelenk kuhhaessig klauenGespreizt zwischenklauenwarzen zehenweit gangUnregelmaessig schwellungAmUnterschenkel gestuft nacheuterAngehoben kaltfluss spaltungSeitlich fleischig milchbruechig zugespitzt flaschenfoermig nurVorneLang stellungNachVorn 
 Anzahl erlaubter fehlender Merkmale in /qualstorzws01/data_zws/lbe/par/schema_bvch_hw_1.txt:   0
 
 Schemabezeichung des Schemas in /qualstorzws01/data_zws/lbe/par/schema_bvch_hw_2.txt: HW_2
 aeltestes plausibles LBE-Datum in /qualstorzws01/data_zws/lbe/par/schema_bvch_hw_2.txt:   19961107
 juengstes plausibles LBE-Datum in /qualstorzws01/data_zws/lbe/par/schema_bvch_hw_2.txt:   20040302
 Anzahl Merkmale in /qualstorzws01/data_zws/lbe/par/schema_bvch_hw_2.txt:   25
 Dies sind die Merkmale im Schema:
 DLC_EU DLC_FO DLC_FU DLC_P DLC_ZI DLC_EU1 DLC_EU2 DLC_EU4 DLC_EU5 DLC_EU7 DLC_FO2 DLC_FO3 DLC_FO4 DLC_FO5 DLC_FO6 DLC_FU1 DLC_FU3 DLC_KM1 DLC_KM2 DLC_KM3 DLC_ZI1 DLC_ZI2 DLC_ZI3 DLC_ZI4 DLC_ZI5 
 Anzahl Fehler in /qualstorzws01/data_zws/lbe/par/schema_bvch_hw_2.txt:   27
 Dies sind die Fehler im Schema:
 bugweit ueberhueftet beckenGefirstet unterbunden weisseFlecken zuHell zuDunkel bluemGurt eingefallenerMastdarm verkuerzterUnterkiefer engesSprunggelenk kuhhaessig klauenGespreizt zwischenklauenwarzen zehenweit gangUnregelmaessig schwellungAmUnterschenkel gestuft nacheuterAngehoben kaltfluss spaltungSeitlich fleischig milchbruechig zugespitzt flaschenfoermig nurVorneLang stellungNachVorn 
 Anzahl erlaubter fehlender Merkmale in /qualstorzws01/data_zws/lbe/par/schema_bvch_hw_2.txt:   0
 
 Schemabezeichung des Schemas in /qualstorzws01/data_zws/lbe/par/schema_bvch_hw_3.txt: HW_3
 aeltestes plausibles LBE-Datum in /qualstorzws01/data_zws/lbe/par/schema_bvch_hw_3.txt:   19960320
 juengstes plausibles LBE-Datum in /qualstorzws01/data_zws/lbe/par/schema_bvch_hw_3.txt:   20040101
 Anzahl Merkmale in /qualstorzws01/data_zws/lbe/par/schema_bvch_hw_3.txt:   22
 Dies sind die Merkmale im Schema:
 DLC_EU DLC_FO DLC_FU DLC_P DLC_ZI DLC_EU1 DLC_EU2 DLC_EU5 DLC_EU7 DLC_FO2 DLC_FO4 DLC_FO5 DLC_FO6 DLC_FU1 DLC_FU3 DLC_KM1 DLC_KM2 DLC_ZI1 DLC_ZI2 DLC_ZI3 DLC_ZI4 DLC_ZI5 
 Anzahl Fehler in /qualstorzws01/data_zws/lbe/par/schema_bvch_hw_3.txt:   27
 Dies sind die Fehler im Schema:
 bugweit ueberhueftet beckenGefirstet unterbunden weisseFlecken zuHell zuDunkel bluemGurt eingefallenerMastdarm verkuerzterUnterkiefer engesSprunggelenk kuhhaessig klauenGespreizt zwischenklauenwarzen zehenweit gangUnregelmaessig schwellungAmUnterschenkel gestuft nacheuterAngehoben kaltfluss spaltungSeitlich fleischig milchbruechig zugespitzt flaschenfoermig nurVorneLang stellungNachVorn 
 Anzahl erlaubter fehlender Merkmale in /qualstorzws01/data_zws/lbe/par/schema_bvch_hw_3.txt:   0
 
 Schemabezeichung des Schemas in /qualstorzws01/data_zws/lbe/par/schema_bvch_rgs_2016.txt: RGS_2016
 aeltestes plausibles LBE-Datum in /qualstorzws01/data_zws/lbe/par/schema_bvch_rgs_2016.txt:   20161029
 juengstes plausibles LBE-Datum in /qualstorzws01/data_zws/lbe/par/schema_bvch_rgs_2016.txt:   99999999
 Anzahl Merkmale in /qualstorzws01/data_zws/lbe/par/schema_bvch_rgs_2016.txt:   30
 Dies sind die Merkmale im Schema:
 DLC_EU DLC_FU DLC_P DLC_ZI DLC_RA DLC_BE DLC_EU1 DLC_EU3 DLC_EU4 DLC_EU5 DLC_EU6 DLC_EU7 DLC_FO2 DLC_FO4 DLC_FO6 DLC_FU1 DLC_FU2 DLC_FU3 DLC_FU4 DLC_KM2 DLC_ZI1 DLC_ZI2 DLC_ZI3 DLC_ZI4 DLC_ZI5 DLC_FO7 DLC_KM4 DLC_KM5 DLC_KM6 DLC_EU8 
 Anzahl Fehler in /qualstorzws01/data_zws/lbe/par/schema_bvch_rgs_2016.txt:   13
 Dies sind die Fehler im Schema:
 bugweit beckenGefirstet eingefallenerMastdarm verkuerzterUnterkiefer ausdruck kuhhaessig zehenweit gangUnregelmaessig kaltfluss milchbruechig zugespitzt stellungNachVorn dreistrichigkeit 
 Anzahl erlaubter fehlender Merkmale in /qualstorzws01/data_zws/lbe/par/schema_bvch_rgs_2016.txt:   0

Ende: Schemaspezifikationen einlesen und speichern
**************************************************************************************


**************************************************************************************
Start: LBE-Datenfile einlesen und speichern

 Anzahl Records in /qualstorzws01/data_tmp/tmp.1Q2vZSjIrP/lbeData.csv:   1076195
 Anzahl Spalten in /qualstorzws01/data_tmp/tmp.1Q2vZSjIrP/lbeData.csv:   229
 /qualstorzws01/data_tmp/tmp.1Q2vZSjIrP/lbeData.csv enthaelt die folgenden Spalten:
TierID_TVD
TierID_ITB
GebDat
LaktNr
KalbeDat
BesDat
BesZeit
Experte
VZGNr
BetrNr
Schema
DLC_ANMELDUNG_ID
DLC_GP_ID
DLC_DURCHFUEHRUNG_ID
DLC_NRLAKT
DLC_EU
DLC_EU1
DLC_EU2
DLC_EU3
DLC_EU4
DLC_EU5
DLC_EU6
DLC_EU7
DLC_FO
DLC_FO1
DLC_FO2
DLC_FO3
DLC_FO4
DLC_FO5
DLC_FO6
DLC_FU
DLC_FU1
DLC_FU2
DLC_FU3
DLC_HH
DLC_FU4
DLC_KM1
DLC_KM2
DLC_KM3
DLC_P
DLC_UM1
DLC_UM2
DLC_UM3
DLC_UM4
DLC_UM5
DLC_ZI
DLC_ZI1
DLC_ZI2
DLC_ZI3
DLC_ZI4
DLC_ZI5
DLC_ZUSATZZITZEN
DLC_ZUSATZZITZEN_BLIND
DLC_FO7
DLC_FO8
DLC_UM6
DLC_BCS
DLC_RA
DLC_BE
DLC_KM4
DLC_KM5
DLC_KM6
DLC_EU8
DLC_INT
DLC_MC
DLC_FO9
DLC_FO10
DLC_FO11
DLC_FO12
DLC_FO13
DLC_FO14
DLC_FO15
DLC_FO16
DLC_FU5
DLC_FU6
DLC_FU7
DLC_FU8
DLC_FU9
DLC_FU10
DLC_FU11
DLC_UM7
DLC_UM8
DLC_UM9
DLC_UM10
DLC_UM11
DLC_ZI6
DLC_EU9
DLC_FO17
DLC_ZI8
DLC_ZI7
DLC_FOK
DLC_BEK
DLC_EUK
DLC_ZIK
DLC_KM7
DLC_KM8
DLC_KM9
DLC_KM10
DLC_KM11
DLC_KM12
DLC_FUK
DLC_UM12
DLC_KM13
DLC_FO18
DLC_ZWLABEL_ID
DLC_FO19
DLC_FO20
DLC_FO21
DLC_UM13
bugweit
ueberhueftet
beckenGefirstet
unterbunden
weisseFlecken
zuHell
zuDunkel
bluemGurt
eingefallenerMastdarm
verkuerzterUnterkiefer
ausdruck
engesSprunggelenk
kuhhaessig
klauenGespreizt
zwischenklauenwarzen
zehenweit
gangUnregelmaessig
schwellungAmUnterschenkel
gestuft
nacheuterAngehoben
kaltfluss
spaltungSeitlich
fleischig
milchbruechig
zugespitzt
flaschenfoermig
nurVorneLang
stellungNachVorn
dreistrichigkeit
gesenkteLende
weicherRuecken
offenerWiderrist
unregelmaessigerGang
grob
zwischenklauenwarze
gespreizteKlauen
engeSprunggelenke
lockereKnie1
zehenweitVorn
aufgesetzerSchwanzans
schmaleLende
zuWenigGedeckt
bemerkungenZuDenZitzen
zitzenTrichterfoermig
zitzenUnterbunden
zitzenSeitlichEng
zitzenHintenEng
zitzenHintenWeit
zitzenGespreizt
afterzitzen
engesBecken
klauenzwang
zwischenzitzen
vielEutervolumen
hintenEng
seitlichZuwenigGespalten
gestuftesVoreuter
bemerkungenZumEuter
zitzenSchraeg
Kraempfig
zuHoherHuefthoecker
hoherSchwanz
kopfGrobKurz
kurzerDickerHals
schulterBugweit
volleSprunggelenke
hiSchulterSchwach
schwacherRuecken
karpfigerRuecken
hohesBecken
schwachesNacheuter
hintereZitzenZuWeitHinten
vorneNichtAusgeglichen
vorneRund
zuWenigKapazitaet
zuWenigGeteilt
hintenNichtAusgeglichen
kurzesVoreuter
zuVielKapazitaet
nachAussenVorn
unerwuenschterKopf
schraegesGesicht
engeHerzpartie
hueftgelenkZuWeitHinten
groberSchwanz
eingedrueckterSchwanz
eingefMastdarm
seitlichEng
blindeAfterzitzen
ohneKanal
seitlichSehrWeit
lebendeAfterzitzen
zitzenNichtSenkrecht
trichterfoermig
astloch
doppelzitze
hintenAngehoben
wenigFarbe
unausgeglichen
schwacheLende
weicheFesseln
unproduktiverViertel
grobeZitzen
zuFeineZitzen
zitzenZugespitzt
XBeinevorn
steileFesseln
blind
einhodig
lockereKnie2
charakter
umdreherZuWeitHinten
nichtRgswuerdig
schwarzeFlecken
Nacheuterverbindung
DruesigkeitEutertextur
DruesigkeitEutertexturPlus
DruesigkeitEutertexturMinus
ausdruckPlus
ausdruckMinus

Ende: LBE-Datenfile einlesen und speichern
**************************************************************************************


**************************************************************************************
Start: Pruefen ob alle LBE-Merkmale aus den Schemaspezifikationen im Datenfile vorkommen


Ende: Pruefen ob alle LBE-Merkmale aus den Schemaspezifikationen im Datenfile vorkommen
**************************************************************************************


**************************************************************************************
Start: Pruefen ob alle LBE-Fehler aus den Schemaspezifikationen im Datenfile vorkommen


Ende: Pruefen ob alle LBE-Fehler aus den Schemaspezifikationen im Datenfile vorkommen
**************************************************************************************


**************************************************************************************
Start: Vereinigungsmenge aller Merkmale aus allen Schema-Files bilden

 Insgesamt kommen in den angegeben Dateien mit Schemaspezifikationen   38  LBE-Merkmale vor. Dies sind:
 DLC_EU
 DLC_FO
 DLC_FU
 DLC_P
 DLC_ZI
 DLC_EU1
 DLC_EU2
 DLC_EU7
 DLC_FO1
 DLC_FO2
 DLC_FO3
 DLC_FO4
 DLC_FO5
 DLC_FO6
 DLC_FU1
 DLC_FU2
 DLC_FU3
 DLC_FU4
 DLC_KM1
 DLC_KM2
 DLC_KM3
 DLC_ZI1
 DLC_ZI2
 DLC_ZI3
 DLC_ZI4
 DLC_ZI5
 DLC_EU3
 DLC_EU4
 DLC_EU5
 DLC_EU6
 DLC_FO7
 DLC_FO8
 DLC_RA
 DLC_BE
 DLC_KM4
 DLC_KM5
 DLC_KM6
 DLC_EU8

Ende: Vereinigungsmenge aller Merkmale aus allen Schema-Files bilden
**************************************************************************************


**************************************************************************************
Start: Vereinigungsmenge aller Fehler aus allen Schema-Files bilden

 Insgesamt kommen in den angegeben Dateien mit Schemaspezifikationen   29  LBE-Fehler vor. Dies sind:
 bugweit
 ueberhueftet
 beckenGefirstet
 unterbunden
 weisseFlecken
 engesSprunggelenk
 kuhhaessig
 gangUnregelmaessig
 gestuft
 nacheuterAngehoben
 kaltfluss
 spaltungSeitlich
 milchbruechig
 zugespitzt
 flaschenfoermig
 nurVorneLang
 stellungNachVorn
 zuHell
 zuDunkel
 bluemGurt
 klauenGespreizt
 zwischenklauenwarzen
 zehenweit
 schwellungAmUnterschenkel
 fleischig
 eingefallenerMastdarm
 verkuerzterUnterkiefer
 dreistrichigkeit
 ausdruck

Ende: Vereinigungsmenge aller Fehler aus allen Schema-Files bilden
**************************************************************************************


**************************************************************************************
Start: Spaltennummern der LBE-Merkmale speichern


Ende: Spaltennummern der LBE-Merkmale speichern
**************************************************************************************


**************************************************************************************
Start: Spaltennummern der LBE-Fehler speichern


Ende: Spaltennummern der LBE-Fehler speichern
**************************************************************************************


**************************************************************************************
Start: Schema-Informationen (Merkmale und Fehler) in logical-arrays speichern

                                  DLC_EU    DLC_FO    DLC_FU     DLC_P    DLC_ZI   DLC_EU1   DLC_EU2   DLC_EU7   DLC_FO1   DLC_FO2   DLC_FO3   DLC_FO4   DLC_FO5   DLC_FO6   DLC_FU1   DLC_FU2   DLC_FU3   DLC_FU4   DLC_KM1   DLC_KM2   DLC_KM3   DLC_ZI1   DLC_ZI2   DLC_ZI3   DLC_ZI4   DLC_ZI5   DLC_EU3   DLC_EU4   DLC_EU5   DLC_EU6   DLC_FO7   DLC_FO8    DLC_RA    DLC_BE   DLC_KM4   DLC_KM5   DLC_KM6   DLC_EU8
                                       1         2         3         4         5         6         7         8         9        10        11        12        13        14        15        16        17        18        19        20        21        22        23        24        25        26        27        28        29        30        31        32        33        34        35        36        37        38
            BVCH_1992_mitEinst         T         T         T         T         T         T         T         T         T         T         T         T         T         T         T         T         T         T         T         T         T         T         T         T         T         T         F         F         F         F         F         F         F         F         F         F         F         F
           BVCH_1992_ohneEinst         F         F         F         F         F         T         T         T         T         T         T         T         T         T         T         T         T         T         T         T         T         T         T         T         T         T         F         F         F         F         F         F         F         F         F         F         F         F
            BVCH_1994_mitEinst         T         T         T         T         T         T         T         T         T         T         T         F         T         T         T         T         T         T         T         T         T         T         T         T         T         T         T         T         T         T         F         F         F         F         F         F         F         F
           BVCH_1994_ohneEinst         F         F         F         F         F         T         T         T         T         T         T         F         T         T         T         T         T         T         T         T         T         T         T         T         T         T         T         T         T         T         F         F         F         F         F         F         F         F
                     BVCH_1996         T         T         T         T         T         T         T         T         T         T         T         T         T         T         T         T         T         T         T         T         T         T         T         T         T         T         T         T         T         T         F         F         F         F         F         F         F         F
                     BVCH_2003         T         T         T         T         T         T         T         T         T         T         T         T         T         T         T         T         T         T         T         T         T         T         T         T         T         T         T         T         T         T         T         T         F         F         F         F         F         F
             BVCH_2008_ohneBem         T         F         T         T         T         T         F         T         F         T         F         T         F         F         T         T         T         T         T         T         F         T         T         T         T         T         T         T         T         T         T         T         T         T         T         T         T         T
                     BVCH_2008         T         F         T         T         T         T         F         T         F         T         F         T         F         T         T         T         T         T         T         T         F         T         T         T         T         T         T         T         T         T         T         T         T         T         T         T         T         T
             BVCH_2011_ohneBem         T         F         T         T         T         T         F         T         F         T         F         T         F         F         T         T         T         T         F         T         F         T         T         T         T         T         T         T         T         T         T         T         T         T         T         T         T         T
                     BVCH_2011         T         F         T         T         T         T         F         T         F         T         F         T         F         T         T         T         T         T         F         T         F         T         T         T         T         T         T         T         T         T         T         T         T         T         T         T         T         T
                     BVCH_2018         T         F         T         T         T         T         F         T         F         T         F         T         F         T         T         T         T         T         F         T         F         T         T         T         T         T         T         T         T         T         T         T         T         T         T         T         T         T
                          HW_1         T         T         T         T         T         T         T         T         F         T         T         T         T         T         T         T         T         T         T         T         T         T         T         T         T         T         F         T         T         F         F         F         F         F         F         F         F         F
                          HW_2         T         T         T         T         T         T         T         T         F         T         T         T         T         T         T         F         T         F         T         T         T         T         T         T         T         T         F         T         T         F         F         F         F         F         F         F         F         F
                          HW_3         T         T         T         T         T         T         T         T         F         T         F         T         T         T         T         F         T         F         T         T         F         T         T         T         T         T         F         F         T         F         F         F         F         F         F         F         F         F
                      RGS_2016         T         F         T         T         T         T         F         T         F         T         F         T         F         T         T         T         T         T         F         T         F         T         T         T         T         T         T         T         T         T         T         F         T         T         T         T         T         T
 
                                                bugweit             ueberhueftet          beckenGefirstet              unterbunden            weisseFlecken        engesSprunggelenk               kuhhaessig       gangUnregelmaessig                  gestuft       nacheuterAngehoben                kaltfluss         spaltungSeitlich            milchbruechig               zugespitzt          flaschenfoermig             nurVorneLang         stellungNachVorn                   zuHell                 zuDunkel                bluemGurt          klauenGespreizt     zwischenklauenwarzen                zehenweitschwellungAmUnterschenkel                fleischig    eingefallenerMastdarm   verkuerzterUnterkiefer         dreistrichigkeit                 ausdruck
                                                      1                        2                        3                        4                        5                        6                        7                        8                        9                       10                       11                       12                       13                       14                       15                       16                       17                       18                       19                       20                       21                       22                       23                       24                       25                       26                       27                       28                       29
            BVCH_1992_mitEinst                        T                        T                        T                        T                        T                        T                        T                        T                        T                        T                        T                        T                        T                        T                        T                        T                        T                        F                        F                        F                        F                        F                        F                        F                        F                        F                        F                        F                        F
           BVCH_1992_ohneEinst                        T                        T                        T                        T                        T                        T                        T                        T                        T                        T                        T                        T                        T                        T                        T                        T                        T                        F                        F                        F                        F                        F                        F                        F                        F                        F                        F                        F                        F
            BVCH_1994_mitEinst                        T                        T                        T                        T                        T                        T                        T                        T                        T                        T                        T                        T                        T                        T                        T                        T                        T                        T                        T                        T                        T                        T                        T                        T                        T                        F                        F                        F                        F
           BVCH_1994_ohneEinst                        T                        T                        T                        T                        T                        T                        T                        T                        T                        T                        T                        T                        T                        T                        T                        T                        T                        T                        T                        T                        T                        T                        T                        T                        T                        F                        F                        F                        F
                     BVCH_1996                        T                        T                        T                        T                        T                        T                        T                        T                        T                        T                        T                        T                        T                        T                        T                        T                        T                        T                        T                        T                        T                        T                        T                        T                        T                        T                        T                        F                        F
                     BVCH_2003                        T                        T                        T                        T                        T                        T                        T                        T                        T                        T                        T                        T                        T                        T                        T                        T                        T                        T                        T                        T                        T                        T                        T                        T                        T                        T                        T                        T                        F
             BVCH_2008_ohneBem                        T                        F                        T                        F                        F                        F                        T                        T                        F                        F                        T                        F                        T                        T                        F                        F                        T                        F                        F                        T                        F                        F                        T                        F                        F                        T                        T                        T                        T
                     BVCH_2008                        T                        F                        T                        F                        F                        F                        T                        T                        F                        F                        T                        F                        T                        T                        F                        F                        T                        F                        F                        T                        F                        F                        T                        F                        F                        T                        T                        T                        T
             BVCH_2011_ohneBem                        T                        F                        T                        F                        F                        F                        T                        T                        F                        F                        T                        F                        T                        T                        F                        F                        T                        F                        F                        T                        F                        F                        T                        F                        F                        T                        T                        T                        T
                     BVCH_2011                        T                        F                        T                        F                        F                        F                        T                        T                        F                        F                        T                        F                        T                        T                        F                        F                        T                        F                        F                        T                        F                        F                        T                        F                        F                        T                        T                        T                        T
                     BVCH_2018                        T                        F                        T                        F                        T                        F                        T                        T                        F                        F                        T                        F                        T                        T                        F                        F                        T                        F                        F                        T                        F                        F                        T                        F                        F                        T                        T                        T                        T
                          HW_1                        T                        T                        T                        T                        T                        T                        T                        T                        T                        T                        T                        T                        T                        T                        T                        T                        T                        T                        T                        T                        T                        T                        T                        T                        T                        T                        T                        F                        F
                          HW_2                        T                        T                        T                        T                        T                        T                        T                        T                        T                        T                        T                        T                        T                        T                        T                        T                        T                        T                        T                        T                        T                        T                        T                        T                        T                        T                        T                        F                        F
                          HW_3                        T                        T                        T                        T                        T                        T                        T                        T                        T                        T                        T                        T                        T                        T                        T                        T                        T                        T                        T                        T                        T                        T                        T                        T                        T                        T                        T                        F                        F
                      RGS_2016                        T                        F                        T                        F                        F                        F                        T                        T                        F                        F                        T                        F                        T                        T                        F                        F                        T                        F                        F                        F                        F                        F                        T                        F                        F                        T                        T                        T                        T

Ende: Schema-Informationen (Merkmale und Fehler) in logical-arrays speichern
**************************************************************************************


**************************************************************************************
Start: Schemas in LBE-Daten pruefen

 Anzahl LBEs, die anhand der Anzahl vorkommender bzw. fehlender Merkmale und anhand des LBE-Datums keinem Schema eindeutig zugeordnet werden konnten:   4260
 Anzahl LBEs, bei denen anhand der Anzahl vorkommender bzw. fehlender Merkmale eine Schema passen wuerde aber anhand der Anzahl vorkommender bzw. fehldender Merkmale UND auch des LBE-Datums NICHT:   11
 Anzahl LBEs, die anhand der Anzahl vorkommender bzw. fehlender Merkmale keinem Schema eindeutig zugeordnet werden konnten, die aber trotzdem in den Ouput kommen, da die Anzahl fehlender Merkmal im erlaubten Bereich liegt:  0
 Totale Anzahl verworfener LBEs:   4260

Ende: Schemas in LBE-Daten pruefen
**************************************************************************************


**************************************************************************************
Start: Pruefen ob LBE-Fehler vergeben wurden, die nicht im zugeordneten Schema sind


Ende: Pruefen ob LBE-Fehler vergeben wurden, die nicht im zugeordneten Schema sind
**************************************************************************************


**************************************************************************************
Start: Spalte mit neuer Schemabezeichnung anhaengen

 Anzahl LBEs aus /qualstorzws01/data_tmp/tmp.1Q2vZSjIrP/lbeData.csv die dem Schema BVCH_1992_mitEinst zugeordnet wurden:   6054
 Anzahl LBEs aus /qualstorzws01/data_tmp/tmp.1Q2vZSjIrP/lbeData.csv die dem Schema BVCH_1992_ohneEinst zugeordnet wurden:   8012
 Anzahl LBEs aus /qualstorzws01/data_tmp/tmp.1Q2vZSjIrP/lbeData.csv die dem Schema BVCH_1994_mitEinst zugeordnet wurden:   20525
 Anzahl LBEs aus /qualstorzws01/data_tmp/tmp.1Q2vZSjIrP/lbeData.csv die dem Schema BVCH_1994_ohneEinst zugeordnet wurden:   6241
 Anzahl LBEs aus /qualstorzws01/data_tmp/tmp.1Q2vZSjIrP/lbeData.csv die dem Schema BVCH_1996 zugeordnet wurden:   366989
 Anzahl LBEs aus /qualstorzws01/data_tmp/tmp.1Q2vZSjIrP/lbeData.csv die dem Schema BVCH_2003 zugeordnet wurden:   234165
 Anzahl LBEs aus /qualstorzws01/data_tmp/tmp.1Q2vZSjIrP/lbeData.csv die dem Schema BVCH_2008_ohneBem zugeordnet wurden:   249
 Anzahl LBEs aus /qualstorzws01/data_tmp/tmp.1Q2vZSjIrP/lbeData.csv die dem Schema BVCH_2008 zugeordnet wurden:   134195
 Anzahl LBEs aus /qualstorzws01/data_tmp/tmp.1Q2vZSjIrP/lbeData.csv die dem Schema BVCH_2011_ohneBem zugeordnet wurden:   143
 Anzahl LBEs aus /qualstorzws01/data_tmp/tmp.1Q2vZSjIrP/lbeData.csv die dem Schema BVCH_2011 zugeordnet wurden:   260505
 Anzahl LBEs aus /qualstorzws01/data_tmp/tmp.1Q2vZSjIrP/lbeData.csv die dem Schema BVCH_2018 zugeordnet wurden:   33342
 Anzahl LBEs aus /qualstorzws01/data_tmp/tmp.1Q2vZSjIrP/lbeData.csv die dem Schema HW_1 zugeordnet wurden:   517
 Anzahl LBEs aus /qualstorzws01/data_tmp/tmp.1Q2vZSjIrP/lbeData.csv die dem Schema HW_2 zugeordnet wurden:   234
 Anzahl LBEs aus /qualstorzws01/data_tmp/tmp.1Q2vZSjIrP/lbeData.csv die dem Schema HW_3 zugeordnet wurden:   144
 Anzahl LBEs aus /qualstorzws01/data_tmp/tmp.1Q2vZSjIrP/lbeData.csv die dem Schema RGS_2016 zugeordnet wurden:   619

Ende: Spalte mit neuer Schemabezeichnung anhaengen
**************************************************************************************


**************************************************************************************
Start: Falls ein Fehler im passenden Schema vorkommt und missing ist, diesen Wert auf 0 setzen


Ende: Falls ein Fehler im passenden Schema vorkommt und missing ist, diesen Wert auf 0 setzen
**************************************************************************************


**************************************************************************************
Start: Output schreiben


Ende: Output schreiben
**************************************************************************************


--------------------------------------------------------------------------------
Ende:  09.07.2019   16:02:30:068
--------------------------------------------------------------------------------

