Mit Jul 17 08:58:20 CEST 2019
**********************************************
origin: P
ebvFilesFile: /qualstorzws01/data_zws/gs/par/ebvFiles_P.csv
fbk_bv_full_2
fbk_bv_reduced_2
fbk_ob_full_2
fbk_ob_reduced_2
fbk_rh_full_2
fbk_rh_reduced_2
fbk_sf_full_2
fbk_sf_reduced_2
gald_bv_full_1
gald_bv_reduced_1
gald_ob_full_1
gald_ob_reduced_1
gald_rh_full_1
gald_rh_reduced_1
gald_sf_full_1
gald_sf_reduced_1
galm_bv_full_1
galm_bv_reduced_1
galm_ob_full_1
galm_ob_reduced_1
galm_rh_full_1
galm_rh_reduced_1
galm_sf_full_1
galm_sf_reduced_1
lbe_bv_full_2
lbe_bv_reduced_2
lbe_ob_full_2
lbe_ob_reduced_2
lbe_rh_full_2
lbe_rh_reduced_2
lbe_sf_full_2
lbe_sf_reduced_2
mar_bv_full_2
mar_ob_full_2
mar_rh_full_2
mar_sf_full_2
mar_si_full_2
mbk_bv_full_2
mbk_bv_reduced_2
mbk_ob_full_2
mbk_ob_reduced_2
mbk_rh_full_2
mbk_rh_reduced_2
mbk_sf_full_2
mbk_sf_reduced_2
nd_bv_full_1
nd_bv_reduced_1
nd_ob_full_1
nd_ob_reduced_1
nd_rh_full_1
nd_rh_reduced_1
nd_sf_full_1
nd_sf_reduced_1
per_bv_full_2
per_bv_reduced_2
per_ob_full_2
per_ob_reduced_2
per_rh_full_2
per_rh_reduced_2
per_sf_full_2
per_sf_reduced_2
prod_bv_full_2
prod_bv_reduced_2
prod_ob_full_2
prod_ob_reduced_2
prod_rh_full_2
prod_rh_reduced_2
prod_sf_full_2
prod_sf_reduced_2
prod_si_full_2
prod_si_reduced_2
scs_bv_full_2
scs_bv_reduced_2
scs_ob_full_2
scs_ob_reduced_2
scs_rh_full_2
scs_rh_reduced_2
scs_sf_full_2
scs_sf_reduced_2
scs_si_full_2
scs_si_reduced_2
smk_ob_full_1
smk_sf_full_1
smt_ob_full_1
smt_sf_full_1
tem_rh_full_2
tem_rh_reduced_2
tem_sf_full_2
tem_sf_reduced_2
**********************************************
origin: ITB
ebvFilesFile: /qualstorzws01/data_zws/gs/par/ebvFiles_ITB.csv
fbk_bv_full_2
fbk_bv_reduced_2
fbk_ob_full_2
fbk_ob_reduced_2
fbk_rh_full_2
fbk_rh_reduced_2
gald_bv_full_2
gald_bv_reduced_2
gald_ob_full_2
gald_ob_reduced_2
gald_rh_full_2
gald_rh_reduced_2
galm_bv_full_2
galm_bv_reduced_2
galm_ob_full_2
galm_ob_reduced_2
galm_rh_full_2
galm_rh_reduced_2
lbe_bv_full_2
lbe_bv_reduced_2
lbe_ob_full_2
lbe_ob_reduced_2
lbe_rh_full_2
lbe_rh_reduced_2
mar_bv_full_2
mar_ob_full_2
mar_rh_full_2
mar_sf_full_2
mar_si_full_2
mbk_bv_full_2
mbk_bv_reduced_2
mbk_ob_full_2
mbk_ob_reduced_2
mbk_rh_full_2
mbk_rh_reduced_2
nd_bv_full_2
nd_bv_reduced_2
nd_ob_full_2
nd_ob_reduced_2
nd_rh_full_2
nd_rh_reduced_2
prod_bv_full_2
prod_bv_reduced_2
prod_ob_full_2
prod_ob_reduced_2
prod_rh_full_2
prod_rh_reduced_2
prod_sf_full_2
prod_sf_reduced_2
prod_si_full_2
prod_si_reduced_2
scs_bv_full_2
scs_bv_reduced_2
scs_ob_full_2
scs_ob_reduced_2
scs_rh_full_2
scs_rh_reduced_2
scs_sf_full_2
scs_sf_reduced_2
scs_si_full_2
scs_si_reduced_2
tem_rh_full_2
tem_rh_reduced_2
Mit Jul 17 08:59:09 CEST 2019
